<?xml version="1.0" encoding="UTF-8"?>
<!-- Generated by org.testng.reporters.JUnitReportReporter -->
<testsuite hostname="TI-NB-392" failures="0" tests="4" name="tests.TestAssignment" time="4.299" errors="0" timestamp="2022-08-05T20:20:50 IST" skipped="0">
  <testcase classname="tests.TestAssignment" name="testcase_003" time="0.437"/>
  <system-out/>
  <testcase classname="tests.TestAssignment" name="testcase_002" time="0.887"/>
  <system-out/>
  <testcase classname="tests.TestAssignment" name="testcase_001" time="2.539"/>
  <system-out/>
  <testcase classname="tests.TestAssignment" name="testcase_004" time="0.436"/>
  <system-out/>
</testsuite> <!-- tests.TestAssignment -->
