<?xml version="1.0" encoding="UTF-8"?>
<!-- Generated by org.testng.reporters.JUnitReportReporter -->
<testsuite hostname="TI-NB-392" failures="0" tests="4" name="tests.TestAssignment" time="5.702" errors="0" timestamp="2022-08-04T13:26:18 IST" skipped="0">
  <testcase classname="tests.TestAssignment" name="testcase_002" time="1.421"/>
  <system-out/>
  <testcase classname="tests.TestAssignment" name="testcase_001" time="2.522"/>
  <system-out/>
  <testcase classname="tests.TestAssignment" name="testcase_004" time="0.842"/>
  <system-out/>
  <testcase classname="tests.TestAssignment" name="testcase_003" time="0.917"/>
  <system-out/>
</testsuite> <!-- tests.TestAssignment -->
