<?xml version="1.0" encoding="UTF-8"?>
<!-- Generated by org.testng.reporters.JUnitReportReporter -->
<testsuite hostname="TI-NB-392" failures="0" tests="4" name="tests.TestAssignment" time="6.221" errors="0" timestamp="2022-08-04T09:23:09 IST" skipped="0">
  <testcase classname="tests.TestAssignment" name="testcase_002" time="1.892"/>
  <system-out/>
  <testcase classname="tests.TestAssignment" name="testcase_004" time="0.830"/>
  <system-out/>
  <testcase classname="tests.TestAssignment" name="testcase_001" time="2.587"/>
  <system-out/>
  <testcase classname="tests.TestAssignment" name="testcase_003" time="0.912"/>
  <system-out/>
</testsuite> <!-- tests.TestAssignment -->
