<?xml version="1.0" encoding="UTF-8"?>
<!-- Generated by org.testng.reporters.JUnitReportReporter -->
<testsuite hostname="TI-NB-392" failures="0" tests="4" name="tests.TestAssignment" time="3.532" errors="0" timestamp="2022-08-05T19:13:58 IST" skipped="0">
  <testcase classname="tests.TestAssignment" name="testcase_003" time="0.439"/>
  <system-out/>
  <testcase classname="tests.TestAssignment" name="testcase_001" time="1.774"/>
  <system-out/>
  <testcase classname="tests.TestAssignment" name="testcase_002" time="0.870"/>
  <system-out/>
  <testcase classname="tests.TestAssignment" name="testcase_004" time="0.449"/>
  <system-out/>
</testsuite> <!-- tests.TestAssignment -->
