<?xml version="1.0" encoding="UTF-8"?>
<!-- Generated by org.testng.reporters.JUnitReportReporter -->
<testsuite hostname="TI-NB-392" failures="0" tests="4" name="tests.TestAssignment" time="11.128" errors="0" timestamp="2022-08-03T19:46:35 IST" skipped="0">
  <testcase classname="tests.TestAssignment" name="testcase_002" time="2.641"/>
  <system-out/>
  <testcase classname="tests.TestAssignment" name="testcase_004" time="1.536"/>
  <system-out/>
  <testcase classname="tests.TestAssignment" name="testcase_001" time="5.685"/>
  <system-out/>
  <testcase classname="tests.TestAssignment" name="testcase_003" time="1.266"/>
  <system-out/>
</testsuite> <!-- tests.TestAssignment -->
